<?xml version="1.0" encoding="UTF-8"?>
<testng-results ignored="0" total="0" passed="0" failed="0" skipped="0">
  <reporter-output>
  </reporter-output>
  <suite started-at="2023-03-19T17:25:12 CDT" name="Default Suite" finished-at="2023-03-19T17:25:12 CDT" duration-ms="33">
    <groups>
    </groups>
    <test started-at="2023-03-19T17:25:12 CDT" name="Mentoring" finished-at="2023-03-19T17:25:12 CDT" duration-ms="33">
    </test> <!-- Mentoring -->
  </suite> <!-- Default Suite -->
</testng-results>
